Using pre-set license
Built from '2022.3/staging' branch; Version is '2022.3.4f1 (35713cd46cd7) revision 3502396'; Using compiler version '192829333'; Build Type 'Release'
OS: 'Windows 11  (10.0.22631) 64bit Core' Language: 'es' Physical Memory: 32609 MB
BatchMode: 1, IsHumanControllingUs: 0, StartBugReporterOnCrash: 0, Is64bit: 1, IsPro: 1

COMMAND LINE ARGUMENTS:
C:\Program Files\Unity\Hub\Editor\2022.3.4f1\Editor\Unity.exe
-adb2
-batchMode
-noUpm
-name
AssetImportWorker4
-projectPath
C:/Users/adria/OneDrive/Documentos/GitHub/PizzaSurvivors
-logFile
Logs/AssetImportWorker4.log
-srvPort
55726
Successfully changed project path to: C:/Users/adria/OneDrive/Documentos/GitHub/PizzaSurvivors
C:/Users/adria/OneDrive/Documentos/GitHub/PizzaSurvivors
[UnityMemory] Configuration Parameters - Can be set up in boot.config
    "memorysetup-bucket-allocator-granularity=16"
    "memorysetup-bucket-allocator-bucket-count=8"
    "memorysetup-bucket-allocator-block-size=33554432"
    "memorysetup-bucket-allocator-block-count=8"
    "memorysetup-main-allocator-block-size=16777216"
    "memorysetup-thread-allocator-block-size=16777216"
    "memorysetup-gfx-main-allocator-block-size=16777216"
    "memorysetup-gfx-thread-allocator-block-size=16777216"
    "memorysetup-cache-allocator-block-size=4194304"
    "memorysetup-typetree-allocator-block-size=2097152"
    "memorysetup-profiler-bucket-allocator-granularity=16"
    "memorysetup-profiler-bucket-allocator-bucket-count=8"
    "memorysetup-profiler-bucket-allocator-block-size=33554432"
    "memorysetup-profiler-bucket-allocator-block-count=8"
    "memorysetup-profiler-allocator-block-size=16777216"
    "memorysetup-profiler-editor-allocator-block-size=1048576"
    "memorysetup-temp-allocator-size-main=16777216"
    "memorysetup-job-temp-allocator-block-size=2097152"
    "memorysetup-job-temp-allocator-block-size-background=1048576"
    "memorysetup-job-temp-allocator-reduction-small-platforms=262144"
    "memorysetup-allocator-temp-initial-block-size-main=262144"
    "memorysetup-allocator-temp-initial-block-size-worker=262144"
    "memorysetup-temp-allocator-size-background-worker=32768"
    "memorysetup-temp-allocator-size-job-worker=262144"
    "memorysetup-temp-allocator-size-preload-manager=33554432"
    "memorysetup-temp-allocator-size-nav-mesh-worker=65536"
    "memorysetup-temp-allocator-size-audio-worker=65536"
    "memorysetup-temp-allocator-size-cloud-worker=32768"
    "memorysetup-temp-allocator-size-gi-baking-worker=262144"
    "memorysetup-temp-allocator-size-gfx=262144"
Player connection [16376] Host "[IP] 192.168.1.36 [Port] 0 [Flags] 2 [Guid] 2593741977 [EditorId] 2593741977 [Version] 1048832 [Id] WindowsEditor(7,labestia) [Debug] 1 [PackageName] WindowsEditor [ProjectName] Editor" joined multi-casting on [225.0.0.222:54997]...

Player connection [16376] Host "[IP] 192.168.1.36 [Port] 0 [Flags] 2 [Guid] 2593741977 [EditorId] 2593741977 [Version] 1048832 [Id] WindowsEditor(7,labestia) [Debug] 1 [PackageName] WindowsEditor [ProjectName] Editor" joined alternative multi-casting on [225.0.0.222:34997]...

Refreshing native plugins compatible for Editor in 14.65 ms, found 4 plugins.
Preloading 0 native plugins for Editor in 0.00 ms.
Initialize engine version: 2022.3.4f1 (35713cd46cd7)
[Subsystems] Discovering subsystems at path C:/Program Files/Unity/Hub/Editor/2022.3.4f1/Editor/Data/Resources/UnitySubsystems
[Subsystems] Discovering subsystems at path C:/Users/adria/OneDrive/Documentos/GitHub/PizzaSurvivors/Assets
GfxDevice: creating device client; threaded=0; jobified=0
Direct3D:
    Version:  Direct3D 11.0 [level 11.1]
    Renderer: NVIDIA GeForce RTX 4080 (ID=0x2704)
    Vendor:   NVIDIA
    VRAM:     16050 MB
    Driver:   31.0.15.5123
Initialize mono
Mono path[0] = 'C:/Program Files/Unity/Hub/Editor/2022.3.4f1/Editor/Data/Managed'
Mono path[1] = 'C:/Program Files/Unity/Hub/Editor/2022.3.4f1/Editor/Data/MonoBleedingEdge/lib/mono/unityjit-win32'
Mono config path = 'C:/Program Files/Unity/Hub/Editor/2022.3.4f1/Editor/Data/MonoBleedingEdge/etc'
Using monoOptions --debugger-agent=transport=dt_socket,embedding=1,server=y,suspend=n,address=127.0.0.1:56180
Begin MonoManager ReloadAssembly
Registering precompiled unity dll's ...
Register platform support module: C:/Program Files/Unity/Hub/Editor/2022.3.4f1/Editor/Data/PlaybackEngines/WindowsStandaloneSupport/UnityEditor.WindowsStandalone.Extensions.dll
Registered in 0.004683 seconds.
- Loaded All Assemblies, in  0.189 seconds
Native extension for WindowsStandalone target not found
Mono: successfully reloaded assembly
- Finished resetting the current domain, in  0.150 seconds
Domain Reload Profiling: 339ms
	BeginReloadAssembly (50ms)
		ExecutionOrderSort (0ms)
		DisableScriptedObjects (0ms)
		BackupInstance (0ms)
		ReleaseScriptingObjects (0ms)
		CreateAndSetChildDomain (0ms)
	RebuildCommonClasses (19ms)
	RebuildNativeTypeToScriptingClass (6ms)
	initialDomainReloadingComplete (36ms)
	LoadAllAssembliesAndSetupDomain (77ms)
		LoadAssemblies (48ms)
		RebuildTransferFunctionScriptingTraits (0ms)
		AnalyzeDomain (74ms)
			TypeCache.Refresh (73ms)
				TypeCache.ScanAssembly (66ms)
			ScanForSourceGeneratedMonoScriptInfo (0ms)
			ResolveRequiredComponents (0ms)
	FinalizeReload (151ms)
		ReleaseScriptCaches (0ms)
		RebuildScriptCaches (0ms)
		SetupLoadedEditorAssemblies (116ms)
			LogAssemblyErrors (0ms)
			InitializePlatformSupportModulesInManaged (5ms)
			SetLoadedEditorAssemblies (5ms)
			RefreshPlugins (0ms)
			BeforeProcessingInitializeOnLoad (1ms)
			ProcessInitializeOnLoadAttributes (78ms)
			ProcessInitializeOnLoadMethodAttributes (27ms)
			AfterProcessingInitializeOnLoad (0ms)
			EditorAssembliesLoaded (0ms)
		ExecutionOrderSort2 (0ms)
		AwakeInstancesAfterBackupRestoration (0ms)
========================================================================
Worker process is ready to serve import requests
Begin MonoManager ReloadAssembly
Symbol file LoadedFromMemory doesn't match image C:\Users\adria\OneDrive\Documentos\GitHub\PizzaSurvivors\Library\PackageCache\com.unity.visualscripting@1.8.0\Editor\VisualScripting.Core\Dependencies\YamlDotNet\Unity.VisualScripting.YamlDotNet.dll
Symbol file LoadedFromMemory doesn't match image C:\Users\adria\OneDrive\Documentos\GitHub\PizzaSurvivors\Library\PackageCache\com.unity.visualscripting@1.8.0\Editor\VisualScripting.Core\Dependencies\DotNetZip\Unity.VisualScripting.IonicZip.dll
- Loaded All Assemblies, in  0.647 seconds
Refreshing native plugins compatible for Editor in 4.30 ms, found 4 plugins.
Native extension for WindowsStandalone target not found
Mono: successfully reloaded assembly
- Finished resetting the current domain, in  0.420 seconds
Domain Reload Profiling: 1064ms
	BeginReloadAssembly (74ms)
		ExecutionOrderSort (0ms)
		DisableScriptedObjects (3ms)
		BackupInstance (0ms)
		ReleaseScriptingObjects (0ms)
		CreateAndSetChildDomain (12ms)
	RebuildCommonClasses (18ms)
	RebuildNativeTypeToScriptingClass (6ms)
	initialDomainReloadingComplete (28ms)
	LoadAllAssembliesAndSetupDomain (517ms)
		LoadAssemblies (239ms)
		RebuildTransferFunctionScriptingTraits (0ms)
		AnalyzeDomain (309ms)
			TypeCache.Refresh (282ms)
				TypeCache.ScanAssembly (273ms)
			ScanForSourceGeneratedMonoScriptInfo (21ms)
			ResolveRequiredComponents (6ms)
	FinalizeReload (421ms)
		ReleaseScriptCaches (0ms)
		RebuildScriptCaches (0ms)
		SetupLoadedEditorAssemblies (300ms)
			LogAssemblyErrors (0ms)
			InitializePlatformSupportModulesInManaged (4ms)
			SetLoadedEditorAssemblies (3ms)
			RefreshPlugins (0ms)
			BeforeProcessingInitializeOnLoad (55ms)
			ProcessInitializeOnLoadAttributes (180ms)
			ProcessInitializeOnLoadMethodAttributes (52ms)
			AfterProcessingInitializeOnLoad (5ms)
			EditorAssembliesLoaded (0ms)
		ExecutionOrderSort2 (0ms)
		AwakeInstancesAfterBackupRestoration (5ms)
Launched and connected shader compiler UnityShaderCompiler.exe after 0.04 seconds
Refreshing native plugins compatible for Editor in 4.04 ms, found 4 plugins.
Preloading 0 native plugins for Editor in 0.00 ms.
Unloading 5779 Unused Serialized files (Serialized files now loaded: 0)
Unloading 85 unused Assets / (351.0 KB). Loaded Objects now: 6244.
Memory consumption went from 226.7 MB to 226.4 MB.
Total: 3.226200 ms (FindLiveObjects: 0.288200 ms CreateObjectMapping: 0.117500 ms MarkObjects: 2.615700 ms  DeleteObjects: 0.204000 ms)

AssetImportParameters requested are different than current active one (requested -> active):
  custom:container-demuxer-ogg: 62fdf1f143b41e24485cea50d1cbac27 -> 
  custom:video-codec-MediaFoundation-h265: 746d11721c4dcdbdad8f713fa42b33f4 -> 
  custom:video-decoder-ogg-theora: a1e56fd34408186e4bbccfd4996cb3dc -> 
  custom:framework-win-MediaFoundation: 216162199b28c13a410421893ffa2e32 -> 
  custom:container-demuxer-webm: 4f35f7cbe854078d1ac9338744f61a02 -> 
  custom:container-muxer-webm: aa71ff27fc2769a1b78a27578f13a17b -> 
  custom:video-decoder-webm-vp8: 9c59270c3fd7afecdb556c50c9e8de78 -> 
  custom:AudioImporter_EditorPlatform: d09bf68614088b80899f8185d706f6e7 -> 
  custom:video-encoder-webm-vp8: eb34c28f22e8b96e1ab97ce403110664 -> 
  custom:audio-decoder-ogg-vorbis: bf7c407c2cedff20999df2af8eb42d56 -> 
  custom:audio-encoder-webm-vorbis: bf7c407c2cedff20999df2af8eb42d56 -> 
========================================================================
Received Prepare
Refreshing native plugins compatible for Editor in 3.79 ms, found 4 plugins.
Preloading 0 native plugins for Editor in 0.00 ms.
Unloading 2 Unused Serialized files (Serialized files now loaded: 0)
Unloading 2 unused Assets / (290.7 KB). Loaded Objects now: 6244.
Memory consumption went from 109.2 MB to 108.9 MB.
Total: 2.174900 ms (FindLiveObjects: 0.254000 ms CreateObjectMapping: 0.121800 ms MarkObjects: 1.742600 ms  DeleteObjects: 0.055900 ms)

Prepare: number of updated asset objects reloaded= 0
AssetImportParameters requested are different than current active one (requested -> active):
  custom:container-demuxer-ogg: 62fdf1f143b41e24485cea50d1cbac27 -> 
  custom:video-codec-MediaFoundation-h265: 746d11721c4dcdbdad8f713fa42b33f4 -> 
  custom:video-decoder-ogg-theora: a1e56fd34408186e4bbccfd4996cb3dc -> 
  custom:framework-win-MediaFoundation: 216162199b28c13a410421893ffa2e32 -> 
  custom:CustomObjectIndexerAttribute: a3ef5dd2817f97addfee359851a9dba5 -> 
  custom:container-demuxer-webm: 4f35f7cbe854078d1ac9338744f61a02 -> 
  custom:container-muxer-webm: aa71ff27fc2769a1b78a27578f13a17b -> 
  custom:video-decoder-webm-vp8: 9c59270c3fd7afecdb556c50c9e8de78 -> 
  custom:AudioImporter_EditorPlatform: d09bf68614088b80899f8185d706f6e7 -> 
  custom:video-encoder-webm-vp8: eb34c28f22e8b96e1ab97ce403110664 -> 
  custom:audio-decoder-ogg-vorbis: bf7c407c2cedff20999df2af8eb42d56 -> 
  custom:audio-encoder-webm-vorbis: bf7c407c2cedff20999df2af8eb42d56 -> 
========================================================================
Received Import Request.
  Time since last request: 353169.015005 seconds.
  path: Assets/Data/ScriptableObjects/Ingredients/Olive.asset
  artifactKey: Guid(378f10525dd916f498a73e7a5c87ebba) Importer(815301076,1909f56bfc062723c751e8b465ee728b)
Start importing Assets/Data/ScriptableObjects/Ingredients/Olive.asset using Guid(378f10525dd916f498a73e7a5c87ebba) Importer(815301076,1909f56bfc062723c751e8b465ee728b)  -> (artifact id: '351bc9dbeb432d4d3ec87aa42355ecda') in 0.007886 seconds
Number of updated asset objects reloaded before import = 0
Number of asset objects unloaded after import = 2
========================================================================
Received Import Request.
  Time since last request: 149.127114 seconds.
  path: Assets/Data/ScriptableObjects/Ingredients/glass.asset
  artifactKey: Guid(8dfa4827fed8f0945a370ecddf36f96f) Importer(815301076,1909f56bfc062723c751e8b465ee728b)
Start importing Assets/Data/ScriptableObjects/Ingredients/glass.asset using Guid(8dfa4827fed8f0945a370ecddf36f96f) Importer(815301076,1909f56bfc062723c751e8b465ee728b)  -> (artifact id: '5b273ba6fd0b33c28cd29a7a50b63417') in 0.000887 seconds
Number of updated asset objects reloaded before import = 0
Number of asset objects unloaded after import = 1
========================================================================
Received Import Request.
  Time since last request: 206.375216 seconds.
  path: Assets/Art/Sprites/BulletSprite.png
  artifactKey: Guid(5f97a98acdb0d2240af0762d31195fef) Importer(815301076,1909f56bfc062723c751e8b465ee728b)
Start importing Assets/Art/Sprites/BulletSprite.png using Guid(5f97a98acdb0d2240af0762d31195fef) Importer(815301076,1909f56bfc062723c751e8b465ee728b)  -> (artifact id: '677a204d9e7edc260e1945a7cf9ff38d') in 0.001970 seconds
Number of updated asset objects reloaded before import = 0
Number of asset objects unloaded after import = 2
========================================================================
Received Import Request.
  Time since last request: 0.004324 seconds.
  path: Assets/Art/Sprites/cristal entero.png
  artifactKey: Guid(09fdb57019f079340a1165166ee65e4f) Importer(815301076,1909f56bfc062723c751e8b465ee728b)
Start importing Assets/Art/Sprites/cristal entero.png using Guid(09fdb57019f079340a1165166ee65e4f) Importer(815301076,1909f56bfc062723c751e8b465ee728b)  -> (artifact id: '2cba025c004c9df36a7715699ad18b5f') in 0.001083 seconds
Number of updated asset objects reloaded before import = 0
Number of asset objects unloaded after import = 2
========================================================================
Received Import Request.
  Time since last request: 0.000010 seconds.
  path: Assets/Art/Sprites/Guindilla.png
  artifactKey: Guid(5cc52aee471f3d346a97fd9879768c6a) Importer(815301076,1909f56bfc062723c751e8b465ee728b)
Start importing Assets/Art/Sprites/Guindilla.png using Guid(5cc52aee471f3d346a97fd9879768c6a) Importer(815301076,1909f56bfc062723c751e8b465ee728b)  -> (artifact id: 'b0c48dac46fa901b43eb21021909e098') in 0.000909 seconds
Number of updated asset objects reloaded before import = 0
Number of asset objects unloaded after import = 2
========================================================================
Received Import Request.
  Time since last request: 0.982092 seconds.
  path: Assets/Art/Sprites/GuindillaSliceOutline.png
  artifactKey: Guid(325a01a2176e79047a9f55f886b3cd01) Importer(815301076,1909f56bfc062723c751e8b465ee728b)
Start importing Assets/Art/Sprites/GuindillaSliceOutline.png using Guid(325a01a2176e79047a9f55f886b3cd01) Importer(815301076,1909f56bfc062723c751e8b465ee728b)  -> (artifact id: 'ffae63bf96c2f869d9a84a925f303b62') in 0.003333 seconds
Number of updated asset objects reloaded before import = 0
Number of asset objects unloaded after import = 2
========================================================================
Received Import Request.
  Time since last request: 0.442727 seconds.
  path: Assets/Art/Sprites/PiedraIngrediente.png
  artifactKey: Guid(0eabed8de08738c48ae20ab5faa70b1f) Importer(815301076,1909f56bfc062723c751e8b465ee728b)
Start importing Assets/Art/Sprites/PiedraIngrediente.png using Guid(0eabed8de08738c48ae20ab5faa70b1f) Importer(815301076,1909f56bfc062723c751e8b465ee728b)  -> (artifact id: '38da7d03ffb7ff6d908cb443bd0b2bd9') in 0.001465 seconds
Number of updated asset objects reloaded before import = 0
Number of asset objects unloaded after import = 2
========================================================================
Received Import Request.
  Time since last request: 0.087180 seconds.
  path: Assets/Art/Sprites/pi침aentera.png
  artifactKey: Guid(f1ef0b8f13f751643b493a210bd9d5f9) Importer(815301076,1909f56bfc062723c751e8b465ee728b)
Start importing Assets/Art/Sprites/pi침aentera.png using Guid(f1ef0b8f13f751643b493a210bd9d5f9) Importer(815301076,1909f56bfc062723c751e8b465ee728b)  -> (artifact id: 'b9c1bff09899c91daff0dd54042e9ef9') in 0.001231 seconds
Number of updated asset objects reloaded before import = 0
Number of asset objects unloaded after import = 2
========================================================================
Received Import Request.
  Time since last request: 0.366051 seconds.
  path: Assets/Art/Sprites/posible enemigo.png
  artifactKey: Guid(ceb9711a1d02a774dbe00e77279453fc) Importer(815301076,1909f56bfc062723c751e8b465ee728b)
Start importing Assets/Art/Sprites/posible enemigo.png using Guid(ceb9711a1d02a774dbe00e77279453fc) Importer(815301076,1909f56bfc062723c751e8b465ee728b)  -> (artifact id: '0c2edc85bcc9e69f15d4d46efc7583f3') in 0.001108 seconds
Number of updated asset objects reloaded before import = 0
Number of asset objects unloaded after import = 2
========================================================================
Received Import Request.
  Time since last request: 0.014300 seconds.
  path: Assets/Art/UI/Reticle/ReticleShit.png
  artifactKey: Guid(ab53c358596b25b438534e0f7ec60be3) Importer(815301076,1909f56bfc062723c751e8b465ee728b)
Start importing Assets/Art/UI/Reticle/ReticleShit.png using Guid(ab53c358596b25b438534e0f7ec60be3) Importer(815301076,1909f56bfc062723c751e8b465ee728b)  -> (artifact id: '571031d4ba57a39386cbd3460d377012') in 0.002102 seconds
Number of updated asset objects reloaded before import = 0
Number of asset objects unloaded after import = 2
========================================================================
Received Import Request.
  Time since last request: 0.491805 seconds.
  path: Assets/Art/Sprites/tomate mat칩n a distancia.png
  artifactKey: Guid(6d7a7a26f682b6f44870e11860a2ffc3) Importer(815301076,1909f56bfc062723c751e8b465ee728b)
Start importing Assets/Art/Sprites/tomate mat칩n a distancia.png using Guid(6d7a7a26f682b6f44870e11860a2ffc3) Importer(815301076,1909f56bfc062723c751e8b465ee728b)  -> (artifact id: '4da2f3f15ea5f812940aa3d1d7ea3701') in 0.001062 seconds
Number of updated asset objects reloaded before import = 0
Number of asset objects unloaded after import = 2
========================================================================
Received Import Request.
  Time since last request: 31.614909 seconds.
  path: Assets/Data/ScriptableObjects/Ingredients/glass.asset
  artifactKey: Guid(8dfa4827fed8f0945a370ecddf36f96f) Importer(815301076,1909f56bfc062723c751e8b465ee728b)
Start importing Assets/Data/ScriptableObjects/Ingredients/glass.asset using Guid(8dfa4827fed8f0945a370ecddf36f96f) Importer(815301076,1909f56bfc062723c751e8b465ee728b)  -> (artifact id: '46745e7776469ad31f508d5393f26814') in 0.001410 seconds
Number of updated asset objects reloaded before import = 0
Number of asset objects unloaded after import = 3
========================================================================
Received Import Request.
  Time since last request: 109.350854 seconds.
  path: Assets/Data/ScriptableObjects/Ingredients/glass.asset
  artifactKey: Guid(8dfa4827fed8f0945a370ecddf36f96f) Importer(815301076,1909f56bfc062723c751e8b465ee728b)
Start importing Assets/Data/ScriptableObjects/Ingredients/glass.asset using Guid(8dfa4827fed8f0945a370ecddf36f96f) Importer(815301076,1909f56bfc062723c751e8b465ee728b)  -> (artifact id: 'ae9678c2ad0b300616c4e6e8aac3eb7a') in 0.002455 seconds
Number of updated asset objects reloaded before import = 0
Number of asset objects unloaded after import = 4
