Using pre-set license
Built from '2022.3/staging' branch; Version is '2022.3.4f1 (35713cd46cd7) revision 3502396'; Using compiler version '192829333'; Build Type 'Release'
OS: 'Windows 11  (10.0.22631) 64bit Core' Language: 'es' Physical Memory: 32609 MB
BatchMode: 1, IsHumanControllingUs: 0, StartBugReporterOnCrash: 0, Is64bit: 1, IsPro: 1

COMMAND LINE ARGUMENTS:
C:\Program Files\Unity\Hub\Editor\2022.3.4f1\Editor\Unity.exe
-adb2
-batchMode
-noUpm
-name
AssetImportWorker2
-projectPath
C:/Users/adria/OneDrive/Documentos/GitHub/PizzaSurvivors
-logFile
Logs/AssetImportWorker2.log
-srvPort
55726
Successfully changed project path to: C:/Users/adria/OneDrive/Documentos/GitHub/PizzaSurvivors
C:/Users/adria/OneDrive/Documentos/GitHub/PizzaSurvivors
[UnityMemory] Configuration Parameters - Can be set up in boot.config
    "memorysetup-bucket-allocator-granularity=16"
    "memorysetup-bucket-allocator-bucket-count=8"
    "memorysetup-bucket-allocator-block-size=33554432"
    "memorysetup-bucket-allocator-block-count=8"
    "memorysetup-main-allocator-block-size=16777216"
    "memorysetup-thread-allocator-block-size=16777216"
    "memorysetup-gfx-main-allocator-block-size=16777216"
    "memorysetup-gfx-thread-allocator-block-size=16777216"
    "memorysetup-cache-allocator-block-size=4194304"
    "memorysetup-typetree-allocator-block-size=2097152"
    "memorysetup-profiler-bucket-allocator-granularity=16"
    "memorysetup-profiler-bucket-allocator-bucket-count=8"
    "memorysetup-profiler-bucket-allocator-block-size=33554432"
    "memorysetup-profiler-bucket-allocator-block-count=8"
    "memorysetup-profiler-allocator-block-size=16777216"
    "memorysetup-profiler-editor-allocator-block-size=1048576"
    "memorysetup-temp-allocator-size-main=16777216"
    "memorysetup-job-temp-allocator-block-size=2097152"
    "memorysetup-job-temp-allocator-block-size-background=1048576"
    "memorysetup-job-temp-allocator-reduction-small-platforms=262144"
    "memorysetup-allocator-temp-initial-block-size-main=262144"
    "memorysetup-allocator-temp-initial-block-size-worker=262144"
    "memorysetup-temp-allocator-size-background-worker=32768"
    "memorysetup-temp-allocator-size-job-worker=262144"
    "memorysetup-temp-allocator-size-preload-manager=33554432"
    "memorysetup-temp-allocator-size-nav-mesh-worker=65536"
    "memorysetup-temp-allocator-size-audio-worker=65536"
    "memorysetup-temp-allocator-size-cloud-worker=32768"
    "memorysetup-temp-allocator-size-gi-baking-worker=262144"
    "memorysetup-temp-allocator-size-gfx=262144"
Player connection [13816] Host "[IP] 192.168.1.36 [Port] 0 [Flags] 2 [Guid] 1307821157 [EditorId] 1307821157 [Version] 1048832 [Id] WindowsEditor(7,labestia) [Debug] 1 [PackageName] WindowsEditor [ProjectName] Editor" joined multi-casting on [225.0.0.222:54997]...

Player connection [13816] Host "[IP] 192.168.1.36 [Port] 0 [Flags] 2 [Guid] 1307821157 [EditorId] 1307821157 [Version] 1048832 [Id] WindowsEditor(7,labestia) [Debug] 1 [PackageName] WindowsEditor [ProjectName] Editor" joined alternative multi-casting on [225.0.0.222:34997]...

Refreshing native plugins compatible for Editor in 12.44 ms, found 4 plugins.
Preloading 0 native plugins for Editor in 0.00 ms.
Initialize engine version: 2022.3.4f1 (35713cd46cd7)
[Subsystems] Discovering subsystems at path C:/Program Files/Unity/Hub/Editor/2022.3.4f1/Editor/Data/Resources/UnitySubsystems
[Subsystems] Discovering subsystems at path C:/Users/adria/OneDrive/Documentos/GitHub/PizzaSurvivors/Assets
GfxDevice: creating device client; threaded=0; jobified=0
Direct3D:
    Version:  Direct3D 11.0 [level 11.1]
    Renderer: NVIDIA GeForce RTX 4080 (ID=0x2704)
    Vendor:   NVIDIA
    VRAM:     16050 MB
    Driver:   31.0.15.5123
Initialize mono
Mono path[0] = 'C:/Program Files/Unity/Hub/Editor/2022.3.4f1/Editor/Data/Managed'
Mono path[1] = 'C:/Program Files/Unity/Hub/Editor/2022.3.4f1/Editor/Data/MonoBleedingEdge/lib/mono/unityjit-win32'
Mono config path = 'C:/Program Files/Unity/Hub/Editor/2022.3.4f1/Editor/Data/MonoBleedingEdge/etc'
Using monoOptions --debugger-agent=transport=dt_socket,embedding=1,server=y,suspend=n,address=127.0.0.1:56544
Begin MonoManager ReloadAssembly
Registering precompiled unity dll's ...
Register platform support module: C:/Program Files/Unity/Hub/Editor/2022.3.4f1/Editor/Data/PlaybackEngines/WindowsStandaloneSupport/UnityEditor.WindowsStandalone.Extensions.dll
Registered in 0.004633 seconds.
- Loaded All Assemblies, in  0.225 seconds
Native extension for WindowsStandalone target not found
Mono: successfully reloaded assembly
- Finished resetting the current domain, in  0.157 seconds
Domain Reload Profiling: 381ms
	BeginReloadAssembly (65ms)
		ExecutionOrderSort (0ms)
		DisableScriptedObjects (0ms)
		BackupInstance (0ms)
		ReleaseScriptingObjects (0ms)
		CreateAndSetChildDomain (0ms)
	RebuildCommonClasses (24ms)
	RebuildNativeTypeToScriptingClass (6ms)
	initialDomainReloadingComplete (42ms)
	LoadAllAssembliesAndSetupDomain (88ms)
		LoadAssemblies (63ms)
		RebuildTransferFunctionScriptingTraits (0ms)
		AnalyzeDomain (84ms)
			TypeCache.Refresh (84ms)
				TypeCache.ScanAssembly (76ms)
			ScanForSourceGeneratedMonoScriptInfo (0ms)
			ResolveRequiredComponents (0ms)
	FinalizeReload (157ms)
		ReleaseScriptCaches (0ms)
		RebuildScriptCaches (0ms)
		SetupLoadedEditorAssemblies (123ms)
			LogAssemblyErrors (0ms)
			InitializePlatformSupportModulesInManaged (6ms)
			SetLoadedEditorAssemblies (5ms)
			RefreshPlugins (0ms)
			BeforeProcessingInitializeOnLoad (1ms)
			ProcessInitializeOnLoadAttributes (80ms)
			ProcessInitializeOnLoadMethodAttributes (30ms)
			AfterProcessingInitializeOnLoad (0ms)
			EditorAssembliesLoaded (0ms)
		ExecutionOrderSort2 (0ms)
		AwakeInstancesAfterBackupRestoration (0ms)
========================================================================
Worker process is ready to serve import requests
Begin MonoManager ReloadAssembly
Symbol file LoadedFromMemory doesn't match image C:\Users\adria\OneDrive\Documentos\GitHub\PizzaSurvivors\Library\PackageCache\com.unity.visualscripting@1.8.0\Editor\VisualScripting.Core\Dependencies\YamlDotNet\Unity.VisualScripting.YamlDotNet.dll
Symbol file LoadedFromMemory doesn't match image C:\Users\adria\OneDrive\Documentos\GitHub\PizzaSurvivors\Library\PackageCache\com.unity.visualscripting@1.8.0\Editor\VisualScripting.Core\Dependencies\DotNetZip\Unity.VisualScripting.IonicZip.dll
- Loaded All Assemblies, in  0.555 seconds
Refreshing native plugins compatible for Editor in 3.50 ms, found 4 plugins.
Native extension for WindowsStandalone target not found
Mono: successfully reloaded assembly
- Finished resetting the current domain, in  0.373 seconds
Domain Reload Profiling: 925ms
	BeginReloadAssembly (75ms)
		ExecutionOrderSort (0ms)
		DisableScriptedObjects (3ms)
		BackupInstance (0ms)
		ReleaseScriptingObjects (0ms)
		CreateAndSetChildDomain (10ms)
	RebuildCommonClasses (17ms)
	RebuildNativeTypeToScriptingClass (5ms)
	initialDomainReloadingComplete (26ms)
	LoadAllAssembliesAndSetupDomain (427ms)
		LoadAssemblies (209ms)
		RebuildTransferFunctionScriptingTraits (0ms)
		AnalyzeDomain (249ms)
			TypeCache.Refresh (221ms)
				TypeCache.ScanAssembly (211ms)
			ScanForSourceGeneratedMonoScriptInfo (22ms)
			ResolveRequiredComponents (6ms)
	FinalizeReload (373ms)
		ReleaseScriptCaches (0ms)
		RebuildScriptCaches (0ms)
		SetupLoadedEditorAssemblies (269ms)
			LogAssemblyErrors (0ms)
			InitializePlatformSupportModulesInManaged (3ms)
			SetLoadedEditorAssemblies (3ms)
			RefreshPlugins (0ms)
			BeforeProcessingInitializeOnLoad (53ms)
			ProcessInitializeOnLoadAttributes (158ms)
			ProcessInitializeOnLoadMethodAttributes (48ms)
			AfterProcessingInitializeOnLoad (4ms)
			EditorAssembliesLoaded (0ms)
		ExecutionOrderSort2 (0ms)
		AwakeInstancesAfterBackupRestoration (4ms)
Launched and connected shader compiler UnityShaderCompiler.exe after 0.03 seconds
Refreshing native plugins compatible for Editor in 3.81 ms, found 4 plugins.
Preloading 0 native plugins for Editor in 0.00 ms.
Unloading 5779 Unused Serialized files (Serialized files now loaded: 0)
Unloading 85 unused Assets / (351.0 KB). Loaded Objects now: 6244.
Memory consumption went from 226.7 MB to 226.4 MB.
Total: 2.316400 ms (FindLiveObjects: 0.220900 ms CreateObjectMapping: 0.089400 ms MarkObjects: 1.880900 ms  DeleteObjects: 0.124300 ms)

AssetImportParameters requested are different than current active one (requested -> active):
  custom:container-demuxer-ogg: 62fdf1f143b41e24485cea50d1cbac27 -> 
  custom:video-codec-MediaFoundation-h265: 746d11721c4dcdbdad8f713fa42b33f4 -> 
  custom:video-decoder-ogg-theora: a1e56fd34408186e4bbccfd4996cb3dc -> 
  custom:framework-win-MediaFoundation: 216162199b28c13a410421893ffa2e32 -> 
  custom:container-demuxer-webm: 4f35f7cbe854078d1ac9338744f61a02 -> 
  custom:container-muxer-webm: aa71ff27fc2769a1b78a27578f13a17b -> 
  custom:video-decoder-webm-vp8: 9c59270c3fd7afecdb556c50c9e8de78 -> 
  custom:AudioImporter_EditorPlatform: d09bf68614088b80899f8185d706f6e7 -> 
  custom:video-encoder-webm-vp8: eb34c28f22e8b96e1ab97ce403110664 -> 
  custom:audio-decoder-ogg-vorbis: bf7c407c2cedff20999df2af8eb42d56 -> 
  custom:audio-encoder-webm-vorbis: bf7c407c2cedff20999df2af8eb42d56 -> 
========================================================================
Received Import Request.
  Time since last request: 353076.766385 seconds.
  path: Assets/Audio/Sfx/Button Sound (mp3cut.net).wav
  artifactKey: Guid(a63408d1f19f82340b5e6c3c8259764d) Importer(815301076,1909f56bfc062723c751e8b465ee728b)
Start importing Assets/Audio/Sfx/Button Sound (mp3cut.net).wav using Guid(a63408d1f19f82340b5e6c3c8259764d) Importer(815301076,1909f56bfc062723c751e8b465ee728b)  -> (artifact id: 'f60625bc73ff978ead2bbb7a68e74cfc') in 0.016075 seconds
Number of updated asset objects reloaded before import = 0
Number of asset objects unloaded after import = 1
========================================================================
Received Import Request.
  Time since last request: 0.000023 seconds.
  path: Assets/Audio/Sfx/playerDeath.wav
  artifactKey: Guid(b97273a75778a704eabf60cf16003d1a) Importer(815301076,1909f56bfc062723c751e8b465ee728b)
Start importing Assets/Audio/Sfx/playerDeath.wav using Guid(b97273a75778a704eabf60cf16003d1a) Importer(815301076,1909f56bfc062723c751e8b465ee728b)  -> (artifact id: 'ea81082a130d6d05d63710e52a19fe39') in 0.000687 seconds
Number of updated asset objects reloaded before import = 0
Number of asset objects unloaded after import = 1
========================================================================
Received Import Request.
  Time since last request: 0.000012 seconds.
  path: Assets/Audio/Sfx/removeIngredientFromPizza.wav
  artifactKey: Guid(7a372aa26db99184fa1cac626a1556e0) Importer(815301076,1909f56bfc062723c751e8b465ee728b)
Start importing Assets/Audio/Sfx/removeIngredientFromPizza.wav using Guid(7a372aa26db99184fa1cac626a1556e0) Importer(815301076,1909f56bfc062723c751e8b465ee728b)  -> (artifact id: '7452fb6ab370d72f9f90badd4524f0b5') in 0.000770 seconds
Number of updated asset objects reloaded before import = 0
Number of asset objects unloaded after import = 1
========================================================================
Received Import Request.
  Time since last request: 0.000012 seconds.
  path: Assets/Audio/Sfx/spawnEnemy.wav
  artifactKey: Guid(b3fde95010d4e2e4aa7fb7fd9fd29f2f) Importer(815301076,1909f56bfc062723c751e8b465ee728b)
Start importing Assets/Audio/Sfx/spawnEnemy.wav using Guid(b3fde95010d4e2e4aa7fb7fd9fd29f2f) Importer(815301076,1909f56bfc062723c751e8b465ee728b)  -> (artifact id: '9a7f94a0f9ff943e066d5aee3cc2cb7f') in 0.000624 seconds
Number of updated asset objects reloaded before import = 0
Number of asset objects unloaded after import = 1
========================================================================
Received Import Request.
  Time since last request: 0.000017 seconds.
  path: Assets/Audio/Sfx/placeIngredientOnPizza.wav
  artifactKey: Guid(a8de319cf9f6c2b44b0508e1cc07aa62) Importer(815301076,1909f56bfc062723c751e8b465ee728b)
Start importing Assets/Audio/Sfx/placeIngredientOnPizza.wav using Guid(a8de319cf9f6c2b44b0508e1cc07aa62) Importer(815301076,1909f56bfc062723c751e8b465ee728b)  -> (artifact id: 'b6ca3bc39fe44542eb0bcc581bf4e9cb') in 0.000693 seconds
Number of updated asset objects reloaded before import = 0
Number of asset objects unloaded after import = 1
========================================================================
Received Import Request.
  Time since last request: 0.000010 seconds.
  path: Assets/Audio/Sfx/enemyHit.wav
  artifactKey: Guid(9c32ce639f2b6734b92e75fa1ecc8c0a) Importer(815301076,1909f56bfc062723c751e8b465ee728b)
Start importing Assets/Audio/Sfx/enemyHit.wav using Guid(9c32ce639f2b6734b92e75fa1ecc8c0a) Importer(815301076,1909f56bfc062723c751e8b465ee728b)  -> (artifact id: 'b2aa1fc4fd21e2d0e0c853789c213d9e') in 0.000685 seconds
Number of updated asset objects reloaded before import = 0
Number of asset objects unloaded after import = 1
========================================================================
Received Import Request.
  Time since last request: 0.000011 seconds.
  path: Assets/Audio/Sfx/enemyShoot.wav
  artifactKey: Guid(d9daa66ef4fbe954899c0b9fc20f01bb) Importer(815301076,1909f56bfc062723c751e8b465ee728b)
Start importing Assets/Audio/Sfx/enemyShoot.wav using Guid(d9daa66ef4fbe954899c0b9fc20f01bb) Importer(815301076,1909f56bfc062723c751e8b465ee728b)  -> (artifact id: '60210fb4bad1fe16d925b00d4cae7559') in 0.000706 seconds
Number of updated asset objects reloaded before import = 0
Number of asset objects unloaded after import = 1
========================================================================
Received Import Request.
  Time since last request: 2.812185 seconds.
  path: Assets/Audio/Music/gameMusic-001.wav
  artifactKey: Guid(77b534c8701e0874cafaf0435e0f1c8e) Importer(815301076,1909f56bfc062723c751e8b465ee728b)
Start importing Assets/Audio/Music/gameMusic-001.wav using Guid(77b534c8701e0874cafaf0435e0f1c8e) Importer(815301076,1909f56bfc062723c751e8b465ee728b)  -> (artifact id: 'c638df81b272fbab5924952575d1811a') in 0.000716 seconds
Number of updated asset objects reloaded before import = 0
Number of asset objects unloaded after import = 1
========================================================================
Received Import Request.
  Time since last request: 0.008903 seconds.
  path: Assets/Audio/Music/pizzaMenu.wav
  artifactKey: Guid(c5bd355ca55b85a4cb5e39fa03edd03e) Importer(815301076,1909f56bfc062723c751e8b465ee728b)
Start importing Assets/Audio/Music/pizzaMenu.wav using Guid(c5bd355ca55b85a4cb5e39fa03edd03e) Importer(815301076,1909f56bfc062723c751e8b465ee728b)  -> (artifact id: 'fa7cb83df6893ea7c3fd8c3cea49673c') in 0.000898 seconds
Number of updated asset objects reloaded before import = 0
Number of asset objects unloaded after import = 1
========================================================================
Received Prepare
Refreshing native plugins compatible for Editor in 4.58 ms, found 4 plugins.
Preloading 0 native plugins for Editor in 0.00 ms.
Unloading 2 Unused Serialized files (Serialized files now loaded: 0)
Unloading 2 unused Assets / (292.1 KB). Loaded Objects now: 6245.
Memory consumption went from 108.4 MB to 108.1 MB.
Total: 3.407000 ms (FindLiveObjects: 0.316300 ms CreateObjectMapping: 0.128900 ms MarkObjects: 2.880600 ms  DeleteObjects: 0.080700 ms)

Prepare: number of updated asset objects reloaded= 0
AssetImportParameters requested are different than current active one (requested -> active):
  custom:container-demuxer-ogg: 62fdf1f143b41e24485cea50d1cbac27 -> 
  custom:video-codec-MediaFoundation-h265: 746d11721c4dcdbdad8f713fa42b33f4 -> 
  custom:video-decoder-ogg-theora: a1e56fd34408186e4bbccfd4996cb3dc -> 
  custom:framework-win-MediaFoundation: 216162199b28c13a410421893ffa2e32 -> 
  custom:CustomObjectIndexerAttribute: a3ef5dd2817f97addfee359851a9dba5 -> 
  custom:container-demuxer-webm: 4f35f7cbe854078d1ac9338744f61a02 -> 
  custom:container-muxer-webm: aa71ff27fc2769a1b78a27578f13a17b -> 
  custom:video-decoder-webm-vp8: 9c59270c3fd7afecdb556c50c9e8de78 -> 
  custom:AudioImporter_EditorPlatform: d09bf68614088b80899f8185d706f6e7 -> 
  custom:video-encoder-webm-vp8: eb34c28f22e8b96e1ab97ce403110664 -> 
  custom:audio-decoder-ogg-vorbis: bf7c407c2cedff20999df2af8eb42d56 -> 
  custom:audio-encoder-webm-vorbis: bf7c407c2cedff20999df2af8eb42d56 -> 
========================================================================
Received Import Request.
  Time since last request: 89.340771 seconds.
  path: Assets/Data/ScriptableObjects/Ingredients/Pineapple.asset
  artifactKey: Guid(da9c94f2ac369a34c81ae8dfca3f32b0) Importer(815301076,1909f56bfc062723c751e8b465ee728b)
Start importing Assets/Data/ScriptableObjects/Ingredients/Pineapple.asset using Guid(da9c94f2ac369a34c81ae8dfca3f32b0) Importer(815301076,1909f56bfc062723c751e8b465ee728b)  -> (artifact id: '85db998a9fbcea7c6e19abb4bf7f4e4f') in 0.007380 seconds
Number of updated asset objects reloaded before import = 0
Number of asset objects unloaded after import = 4
========================================================================
Received Import Request.
  Time since last request: 355.525642 seconds.
  path: Assets/Art/Sprites/cristalTrozo.png
  artifactKey: Guid(01e58fab6e73f244f87afd9c510aa293) Importer(815301076,1909f56bfc062723c751e8b465ee728b)
Start importing Assets/Art/Sprites/cristalTrozo.png using Guid(01e58fab6e73f244f87afd9c510aa293) Importer(815301076,1909f56bfc062723c751e8b465ee728b)  -> (artifact id: 'e51794b8f5b8bba4138f2fc3f7865c48') in 0.001589 seconds
Number of updated asset objects reloaded before import = 0
Number of asset objects unloaded after import = 2
========================================================================
Received Import Request.
  Time since last request: 0.987969 seconds.
  path: Assets/Art/Sprites/lim칩nRodaja.png
  artifactKey: Guid(aa13b37f4f04e1942bcd32886d53c568) Importer(815301076,1909f56bfc062723c751e8b465ee728b)
Start importing Assets/Art/Sprites/lim칩nRodaja.png using Guid(aa13b37f4f04e1942bcd32886d53c568) Importer(815301076,1909f56bfc062723c751e8b465ee728b)  -> (artifact id: '97deb688e240bce35508c069fc7c1a22') in 0.002541 seconds
Number of updated asset objects reloaded before import = 0
Number of asset objects unloaded after import = 2
========================================================================
Received Import Request.
  Time since last request: 0.539550 seconds.
  path: Assets/Art/Sprites/Pi침aRodaja.png
  artifactKey: Guid(7832a8189498c53498b0d3e901ddb687) Importer(815301076,1909f56bfc062723c751e8b465ee728b)
Start importing Assets/Art/Sprites/Pi침aRodaja.png using Guid(7832a8189498c53498b0d3e901ddb687) Importer(815301076,1909f56bfc062723c751e8b465ee728b)  -> (artifact id: 'f1125f7b402410eb00ac26a950ccae5f') in 0.001165 seconds
Number of updated asset objects reloaded before import = 0
Number of asset objects unloaded after import = 2
========================================================================
Received Import Request.
  Time since last request: 0.389416 seconds.
  path: Assets/Art/Sprites/RocaEnter.png
  artifactKey: Guid(bd3fd98f92f33fa4388738de6ac290b4) Importer(815301076,1909f56bfc062723c751e8b465ee728b)
Start importing Assets/Art/Sprites/RocaEnter.png using Guid(bd3fd98f92f33fa4388738de6ac290b4) Importer(815301076,1909f56bfc062723c751e8b465ee728b)  -> (artifact id: '77717ebe2bace3eb135d216e8ef6b017') in 0.000936 seconds
Number of updated asset objects reloaded before import = 0
Number of asset objects unloaded after import = 2
========================================================================
Received Import Request.
  Time since last request: 32.120261 seconds.
  path: Assets/Data/ScriptableObjects/Ingredients/Pineapple.asset
  artifactKey: Guid(da9c94f2ac369a34c81ae8dfca3f32b0) Importer(815301076,1909f56bfc062723c751e8b465ee728b)
Start importing Assets/Data/ScriptableObjects/Ingredients/Pineapple.asset using Guid(da9c94f2ac369a34c81ae8dfca3f32b0) Importer(815301076,1909f56bfc062723c751e8b465ee728b)  -> (artifact id: '14fffecb6e9f588408c77346920c01e3') in 0.001450 seconds
Number of updated asset objects reloaded before import = 0
Number of asset objects unloaded after import = 4
